<?xml version="1.0" encoding="UTF-8"?>
<!-- Generated by org.testng.reporters.JUnitReportReporter -->
<testsuite hostname="DESKTOP-4JBFE39" failures="0" tests="3" name="Test.BasicDay4" time="0.003" errors="0" timestamp="06 Nov 2018 11:34:47 GMT" skipped="0">
  <testcase classname="Test.BasicDay4" name="LoginAPIHomeloan" time="0.001"/>
  <testcase classname="Test.BasicDay4" name="MobileloginHomeloan" time="0.001"/>
  <testcase classname="Test.BasicDay4" name="WebloginHomeloan" time="0.001"/>
</testsuite> <!-- Test.BasicDay4 -->
