<?xml version="1.0" encoding="UTF-8"?>
<!-- Generated by org.testng.reporters.JUnitReportReporter -->
<testsuite hostname="DESKTOP-4JBFE39" failures="0" tests="3" name="Test.BasicDay3" time="0.004" errors="0" timestamp="06 Nov 2018 11:34:47 GMT" skipped="1">
  <testcase classname="Test.BasicDay3" name="LoginAPIcarloan" time="0.002"/>
  <testcase classname="Test.BasicDay3" name="WebloginCarloan" time="0.002"/>
  <testcase classname="Test.BasicDay3" name="MobileloginCarloan">
    <skipped/>
  </testcase> <!-- MobileloginCarloan -->
</testsuite> <!-- Test.BasicDay3 -->
