<?xml version="1.0" encoding="UTF-8"?>
<!-- Generated by org.testng.reporters.JUnitReportReporter -->
<testsuite hostname="DESKTOP-4JBFE39" failures="0" tests="1" name="Test.BasicDay1" time="0.006" errors="0" timestamp="06 Nov 2018 11:34:47 GMT" skipped="0">
  <testcase classname="Test.BasicDay1" name="demo" time="0.006"/>
</testsuite> <!-- Test.BasicDay1 -->
