<?xml version="1.0" encoding="UTF-8"?>
<!-- Generated by org.testng.reporters.JUnitReportReporter -->
<testsuite hostname="DESKTOP-4JBFE39" failures="0" tests="1" name="Test.BasicDay2" time="0.002" errors="0" timestamp="06 Nov 2018 11:34:47 GMT" skipped="0">
  <testcase classname="Test.BasicDay2" name="PersonalLoan" time="0.002"/>
</testsuite> <!-- Test.BasicDay2 -->
